<?xml version="1.0" encoding="UTF-8"?>
<!-- Generated by org.testng.reporters.JUnitReportReporter -->
<testsuite hostname="DESKTOP-RR4CVOF" failures="0" tests="1" name="Sauce_Demo.TestCases.VerifyProductLabel" time="17.745" errors="0" timestamp="2024-03-28T23:24:00 IST" skipped="0">
  <testcase classname="Sauce_Demo.TestCases.VerifyProductLabel" name="VerifyProductLabel" time="17.745"/>
</testsuite> <!-- Sauce_Demo.TestCases.VerifyProductLabel -->
