<?xml version="1.0" encoding="UTF-8"?>
<!-- Generated by org.testng.reporters.JUnitReportReporter -->
<testsuite hostname="DESKTOP-RR4CVOF" failures="0" tests="2" name="Sauce_Demo.TestCases.SubmitOrderTest" time="70.949" errors="0" timestamp="2024-03-28T23:24:00 IST" skipped="0">
  <testcase classname="Sauce_Demo.TestCases.SubmitOrderTest" name="submitOrder" time="21.973"/>
  <testcase classname="Sauce_Demo.TestCases.SubmitOrderTest" name="submitOrder" time="48.976"/>
</testsuite> <!-- Sauce_Demo.TestCases.SubmitOrderTest -->
